<?xml version="1.0" encoding="UTF-8"?>
<!-- Generated by org.testng.reporters.JUnitReportReporter -->
<testsuite hostname="DESKTOP-2I4RFJI" failures="0" tests="3" name="testClasses.VerifyUserCanAddNewAddress" time="14.798" errors="0" timestamp="2022-10-11T12:14:29 IST" skipped="0">
  <testcase classname="testClasses.VerifyUserCanAddNewAddress" name="verifyUserCanOpenProfilePage" time="11.571"/>
  <system-out/>
  <testcase classname="testClasses.VerifyUserCanAddNewAddress" name="addNewAddress" time="1.406"/>
  <system-out/>
  <testcase classname="testClasses.VerifyUserCanAddNewAddress" name="addNewAddress" time="1.821"/>
  <system-out/>
</testsuite> <!-- testClasses.VerifyUserCanAddNewAddress -->
